2015-11-25 22:58:55,361 ERROR [com.smartech.course.racing.RacingSimulation] - ================= Start State =================
2015-11-25 22:58:56,296 ERROR [com.smartech.course.racing.RacingSimulation] - [Racer [racing=Racing [name=Racing #1, distance=500.0], vehicle=Bus [name=Bus, weight=1000.0, acceleration=5.0, maxSpeed=30.0, payload=BusPassengers [maxNumberOfPassengers=40, numberOfPassengers=0]], vehicleState=VehicleState [time=0.0, speed=0.0, position=0.0]], Racer [racing=Racing [name=Racing #1, distance=500.0], vehicle=Truck [name=Truck, weight=1500.0, acceleration=7.0, maxSpeed=40.0, payload=SimplePayload [maxPayloadWeight=500.0, payloadWeight=0.0]], vehicleState=VehicleState [time=0.0, speed=0.0, position=0.0]], Racer [racing=Racing [name=Racing #1, distance=500.0], vehicle=Car [name=Car, weight=700.0, acceleration=10.0, maxSpeed=50.0, payload=null], vehicleState=VehicleState [time=0.0, speed=0.0, position=0.0]]]
2015-11-25 22:58:56,934 ERROR [com.smartech.course.racing.RacingSimulation] - ===============================================
2015-11-25 22:59:27,157 DEBUG [com.smartech.course.racing.RacingSimulation] - ================= Start State =================
2015-11-25 22:59:27,971 DEBUG [com.smartech.course.racing.RacingSimulation] - [Racer [racing=Racing [name=Racing #1, distance=500.0], vehicle=Bus [name=Bus, weight=1000.0, acceleration=5.0, maxSpeed=30.0, payload=BusPassengers [maxNumberOfPassengers=40, numberOfPassengers=0]], vehicleState=VehicleState [time=0.0, speed=0.0, position=0.0]], Racer [racing=Racing [name=Racing #1, distance=500.0], vehicle=Truck [name=Truck, weight=1500.0, acceleration=7.0, maxSpeed=40.0, payload=SimplePayload [maxPayloadWeight=500.0, payloadWeight=0.0]], vehicleState=VehicleState [time=0.0, speed=0.0, position=0.0]], Racer [racing=Racing [name=Racing #1, distance=500.0], vehicle=Car [name=Car, weight=700.0, acceleration=10.0, maxSpeed=50.0, payload=null], vehicleState=VehicleState [time=0.0, speed=0.0, position=0.0]]]
2015-11-25 22:59:28,621 DEBUG [com.smartech.course.racing.RacingSimulation] - ===============================================
2015-11-25 23:05:22,732 DEBUG [com.smartech.course.racing.RacingSimulation] - ================= Start State =================
2015-11-25 23:05:22,735 DEBUG [com.smartech.course.racing.RacingSimulation] - [Racer [racing=Racing [name=Racing #1, distance=4.5], vehicle=Mock for Movable, hashCode: 523691575, vehicleState=VehicleState [time=0.0, speed=0.0, position=0.0]], Racer [racing=Racing [name=Racing #1, distance=4.5], vehicle=Mock for Movable, hashCode: 660143728, vehicleState=VehicleState [time=0.0, speed=0.0, position=0.0]]]
2015-11-25 23:05:22,735 DEBUG [com.smartech.course.racing.RacingSimulation] - ===============================================
2015-11-25 23:05:26,736 DEBUG [com.smartech.course.racing.RacingSimulation] - Racer [racing=Racing [name=Racing #1, distance=4.5], vehicle=Mock for Movable, hashCode: 523691575, vehicleState=VehicleState [time=5.0, speed=5.0, position=5.0]] finished!
2015-11-25 23:05:26,737 DEBUG [com.smartech.course.racing.RacingSimulation] - Racer [racing=Racing [name=Racing #1, distance=4.5], vehicle=Mock for Movable, hashCode: 660143728, vehicleState=VehicleState [time=5.0, speed=5.0, position=5.0]] finished!
2015-11-25 23:05:27,738 DEBUG [com.smartech.course.racing.RacingSimulation] - ================= Finish State =================
2015-11-25 23:05:27,738 DEBUG [com.smartech.course.racing.RacingSimulation] - [Racer [racing=Racing [name=Racing #1, distance=4.5], vehicle=Mock for Movable, hashCode: 523691575, vehicleState=VehicleState [time=5.0, speed=5.0, position=5.0]], Racer [racing=Racing [name=Racing #1, distance=4.5], vehicle=Mock for Movable, hashCode: 660143728, vehicleState=VehicleState [time=5.0, speed=5.0, position=5.0]]]
2015-11-25 23:05:27,739 DEBUG [com.smartech.course.racing.RacingSimulation] - ================================================
2015-11-25 23:05:46,521 DEBUG [com.smartech.course.racing.RacingSimulation] - ================= Start State =================
2015-11-25 23:05:46,524 DEBUG [com.smartech.course.racing.RacingSimulation] - [Racer [racing=Racing [name=Racing #1, distance=500.0], vehicle=Car [name=Car, weight=700.0, acceleration=10.0, maxSpeed=50.0, payload=null], vehicleState=VehicleState [time=0.0, speed=0.0, position=0.0]], Racer [racing=Racing [name=Racing #1, distance=500.0], vehicle=Bus [name=Bus, weight=1000.0, acceleration=5.0, maxSpeed=30.0, payload=BusPassengers [maxNumberOfPassengers=40, numberOfPassengers=0]], vehicleState=VehicleState [time=0.0, speed=0.0, position=0.0]], Racer [racing=Racing [name=Racing #1, distance=500.0], vehicle=Truck [name=Truck, weight=1500.0, acceleration=7.0, maxSpeed=40.0, payload=SimplePayload [maxPayloadWeight=500.0, payloadWeight=0.0]], vehicleState=VehicleState [time=0.0, speed=0.0, position=0.0]]]
2015-11-25 23:05:46,543 DEBUG [com.smartech.course.racing.RacingSimulation] - ===============================================
2015-11-25 23:05:55,558 DEBUG [com.smartech.course.racing.RacingSimulation] - ==============================================
2015-11-25 23:05:55,559 DEBUG [com.smartech.course.racing.RacingSimulation] - [Racer [racing=Racing [name=Racing #1, distance=500.0], vehicle=Car [name=Car, weight=700.0, acceleration=10.0, maxSpeed=50.0, payload=null], vehicleState=VehicleState [time=10.0, speed=50.0, position=375.0]], Racer [racing=Racing [name=Racing #1, distance=500.0], vehicle=Bus [name=Bus, weight=1000.0, acceleration=5.0, maxSpeed=30.0, payload=BusPassengers [maxNumberOfPassengers=40, numberOfPassengers=0]], vehicleState=VehicleState [time=10.0, speed=30.0, position=210.0]], Racer [racing=Racing [name=Racing #1, distance=500.0], vehicle=Truck [name=Truck, weight=1500.0, acceleration=7.0, maxSpeed=40.0, payload=SimplePayload [maxPayloadWeight=500.0, payloadWeight=0.0]], vehicleState=VehicleState [time=10.0, speed=40.0, position=285.7142857142857]]]
2015-11-25 23:05:55,579 DEBUG [com.smartech.course.racing.RacingSimulation] - ==============================================
2015-11-25 23:05:58,584 DEBUG [com.smartech.course.racing.RacingSimulation] - Racer [racing=Racing [name=Racing #1, distance=500.0], vehicle=Car [name=Car, weight=700.0, acceleration=10.0, maxSpeed=50.0, payload=null], vehicleState=VehicleState [time=13.0, speed=50.0, position=525.0]] finished!
2015-11-25 23:06:01,591 DEBUG [com.smartech.course.racing.RacingSimulation] - Racer [racing=Racing [name=Racing #1, distance=500.0], vehicle=Truck [name=Truck, weight=1500.0, acceleration=7.0, maxSpeed=40.0, payload=SimplePayload [maxPayloadWeight=500.0, payloadWeight=0.0]], vehicleState=VehicleState [time=16.0, speed=40.0, position=525.7142857142858]] finished!
2015-11-25 23:06:05,600 DEBUG [com.smartech.course.racing.RacingSimulation] - Racer [racing=Racing [name=Racing #1, distance=500.0], vehicle=Bus [name=Bus, weight=1000.0, acceleration=5.0, maxSpeed=30.0, payload=BusPassengers [maxNumberOfPassengers=40, numberOfPassengers=0]], vehicleState=VehicleState [time=20.0, speed=30.0, position=510.0]] finished!
2015-11-25 23:06:06,608 DEBUG [com.smartech.course.racing.RacingSimulation] - ================= Finish State =================
2015-11-25 23:06:06,610 DEBUG [com.smartech.course.racing.RacingSimulation] - [Racer [racing=Racing [name=Racing #1, distance=500.0], vehicle=Car [name=Car, weight=700.0, acceleration=10.0, maxSpeed=50.0, payload=null], vehicleState=VehicleState [time=13.0, speed=50.0, position=525.0]], Racer [racing=Racing [name=Racing #1, distance=500.0], vehicle=Bus [name=Bus, weight=1000.0, acceleration=5.0, maxSpeed=30.0, payload=BusPassengers [maxNumberOfPassengers=40, numberOfPassengers=0]], vehicleState=VehicleState [time=20.0, speed=30.0, position=510.0]], Racer [racing=Racing [name=Racing #1, distance=500.0], vehicle=Truck [name=Truck, weight=1500.0, acceleration=7.0, maxSpeed=40.0, payload=SimplePayload [maxPayloadWeight=500.0, payloadWeight=0.0]], vehicleState=VehicleState [time=16.0, speed=40.0, position=525.7142857142858]]]
2015-11-25 23:06:06,635 DEBUG [com.smartech.course.racing.RacingSimulation] - ================================================
2015-11-25 23:15:23,996 DEBUG [com.smartech.course.racing.RacingSimulation] - ================= Start State =================
2015-11-25 23:15:23,998 DEBUG [com.smartech.course.racing.RacingSimulation] - [Racer [racing=Racing [name=Racing #1, distance=4.5], vehicle=Mock for Movable, hashCode: 523691575, vehicleState=VehicleState [time=0.0, speed=0.0, position=0.0]], Racer [racing=Racing [name=Racing #1, distance=4.5], vehicle=Mock for Movable, hashCode: 660143728, vehicleState=VehicleState [time=0.0, speed=0.0, position=0.0]]]
2015-11-25 23:15:23,999 DEBUG [com.smartech.course.racing.RacingSimulation] - ===============================================
2015-11-25 23:15:28,001 DEBUG [com.smartech.course.racing.RacingSimulation] - Racer [racing=Racing [name=Racing #1, distance=4.5], vehicle=Mock for Movable, hashCode: 523691575, vehicleState=VehicleState [time=5.0, speed=5.0, position=5.0]] finished!
2015-11-25 23:15:28,002 DEBUG [com.smartech.course.racing.RacingSimulation] - Racer [racing=Racing [name=Racing #1, distance=4.5], vehicle=Mock for Movable, hashCode: 660143728, vehicleState=VehicleState [time=5.0, speed=5.0, position=5.0]] finished!
2015-11-25 23:15:29,004 DEBUG [com.smartech.course.racing.RacingSimulation] - ================= Finish State =================
2015-11-25 23:15:29,005 DEBUG [com.smartech.course.racing.RacingSimulation] - [Racer [racing=Racing [name=Racing #1, distance=4.5], vehicle=Mock for Movable, hashCode: 523691575, vehicleState=VehicleState [time=5.0, speed=5.0, position=5.0]], Racer [racing=Racing [name=Racing #1, distance=4.5], vehicle=Mock for Movable, hashCode: 660143728, vehicleState=VehicleState [time=5.0, speed=5.0, position=5.0]]]
2015-11-25 23:15:29,005 DEBUG [com.smartech.course.racing.RacingSimulation] - ================================================
